<?xml version="1.0" encoding="UTF-8"?>
<!-- Generated by org.testng.reporters.JUnitXMLReporter -->
<testsuite ignored="0" hostname="Tahera_Atbin" failures="0" tests="5" name="Default test" time="12.882" errors="0" timestamp="2023-04-18T23:05:39 EDT">
  <testcase classname="com.saucedemo.testscripts.SecondScenarioTest" name="verifyErrMsg" time="0.308"/>
  <testcase classname="com.saucedemo.testscripts.ThirdScenarioTest" name="lastNameErrMsg" time="0.768"/>
  <testcase classname="com.saucedemo.testscripts.FirstScenarioTest" name="buyTwoProdcts" time="0.837"/>
  <testcase classname="com.saucedemo.testscripts.FrthScenarioTest" name="thankYouMsg" time="0.889"/>
  <testcase classname="com.saucedemo.testscripts.FifthScenarioTest" name="expnsiveItem" time="1.147"/>
</testsuite> <!-- Default test -->
