<?xml version="1.0" encoding="UTF-8"?>
<testng-results ignored="0" total="5" passed="5" failed="0" skipped="0">
  <reporter-output>
  </reporter-output>
  <suite started-at="2023-04-18T23:05:26 EDT" name="Default suite" finished-at="2023-04-18T23:05:39 EDT" duration-ms="12882">
    <groups>
    </groups>
    <test started-at="2023-04-18T23:05:26 EDT" name="Default test" finished-at="2023-04-18T23:05:39 EDT" duration-ms="12882">
      <class name="com.saucedemo.testscripts.SecondScenarioTest">
        <test-method is-config="true" signature="launchApp()[pri:0, instance:com.saucedemo.testscripts.SecondScenarioTest@3e694b3f]" started-at="2023-04-18T23:05:26 EDT" name="launchApp" finished-at="2023-04-18T23:05:28 EDT" duration-ms="2679" status="PASS">
          <reporter-output>
          </reporter-output>
        </test-method> <!-- launchApp -->
        <test-method signature="verifyErrMsg()[pri:0, instance:com.saucedemo.testscripts.SecondScenarioTest@3e694b3f]" started-at="2023-04-18T23:05:28 EDT" name="verifyErrMsg" finished-at="2023-04-18T23:05:29 EDT" duration-ms="308" status="PASS">
          <reporter-output>
          </reporter-output>
        </test-method> <!-- verifyErrMsg -->
        <test-method is-config="true" signature="closeBrowser()[pri:0, instance:com.saucedemo.testscripts.SecondScenarioTest@3e694b3f]" started-at="2023-04-18T23:05:29 EDT" name="closeBrowser" finished-at="2023-04-18T23:05:29 EDT" duration-ms="180" status="PASS">
          <reporter-output>
          </reporter-output>
        </test-method> <!-- closeBrowser -->
      </class> <!-- com.saucedemo.testscripts.SecondScenarioTest -->
      <class name="com.saucedemo.testscripts.ThirdScenarioTest">
        <test-method is-config="true" signature="launchApp()[pri:0, instance:com.saucedemo.testscripts.ThirdScenarioTest@5fe94a96]" started-at="2023-04-18T23:05:29 EDT" name="launchApp" finished-at="2023-04-18T23:05:30 EDT" duration-ms="1337" status="PASS">
          <reporter-output>
          </reporter-output>
        </test-method> <!-- launchApp -->
        <test-method signature="lastNameErrMsg()[pri:0, instance:com.saucedemo.testscripts.ThirdScenarioTest@5fe94a96]" started-at="2023-04-18T23:05:30 EDT" name="lastNameErrMsg" finished-at="2023-04-18T23:05:31 EDT" duration-ms="768" status="PASS">
          <reporter-output>
          </reporter-output>
        </test-method> <!-- lastNameErrMsg -->
        <test-method is-config="true" signature="closeBrowser()[pri:0, instance:com.saucedemo.testscripts.ThirdScenarioTest@5fe94a96]" started-at="2023-04-18T23:05:31 EDT" name="closeBrowser" finished-at="2023-04-18T23:05:31 EDT" duration-ms="194" status="PASS">
          <reporter-output>
          </reporter-output>
        </test-method> <!-- closeBrowser -->
      </class> <!-- com.saucedemo.testscripts.ThirdScenarioTest -->
      <class name="com.saucedemo.testscripts.FirstScenarioTest">
        <test-method is-config="true" signature="launchApp()[pri:0, instance:com.saucedemo.testscripts.FirstScenarioTest@443118b0]" started-at="2023-04-18T23:05:31 EDT" name="launchApp" finished-at="2023-04-18T23:05:33 EDT" duration-ms="1297" status="PASS">
          <reporter-output>
          </reporter-output>
        </test-method> <!-- launchApp -->
        <test-method signature="buyTwoProdcts()[pri:0, instance:com.saucedemo.testscripts.FirstScenarioTest@443118b0]" started-at="2023-04-18T23:05:33 EDT" name="buyTwoProdcts" finished-at="2023-04-18T23:05:33 EDT" duration-ms="837" status="PASS">
          <reporter-output>
          </reporter-output>
        </test-method> <!-- buyTwoProdcts -->
        <test-method is-config="true" signature="closeBrowser()[pri:0, instance:com.saucedemo.testscripts.FirstScenarioTest@443118b0]" started-at="2023-04-18T23:05:33 EDT" name="closeBrowser" finished-at="2023-04-18T23:05:34 EDT" duration-ms="188" status="PASS">
          <reporter-output>
          </reporter-output>
        </test-method> <!-- closeBrowser -->
      </class> <!-- com.saucedemo.testscripts.FirstScenarioTest -->
      <class name="com.saucedemo.testscripts.FrthScenarioTest">
        <test-method is-config="true" signature="launchApp()[pri:0, instance:com.saucedemo.testscripts.FrthScenarioTest@765d7657]" started-at="2023-04-18T23:05:34 EDT" name="launchApp" finished-at="2023-04-18T23:05:35 EDT" duration-ms="1311" status="PASS">
          <reporter-output>
          </reporter-output>
        </test-method> <!-- launchApp -->
        <test-method signature="thankYouMsg()[pri:0, instance:com.saucedemo.testscripts.FrthScenarioTest@765d7657]" started-at="2023-04-18T23:05:35 EDT" name="thankYouMsg" finished-at="2023-04-18T23:05:36 EDT" duration-ms="889" status="PASS">
          <reporter-output>
          </reporter-output>
        </test-method> <!-- thankYouMsg -->
        <test-method is-config="true" signature="closeBrowser()[pri:0, instance:com.saucedemo.testscripts.FrthScenarioTest@765d7657]" started-at="2023-04-18T23:05:36 EDT" name="closeBrowser" finished-at="2023-04-18T23:05:36 EDT" duration-ms="178" status="PASS">
          <reporter-output>
          </reporter-output>
        </test-method> <!-- closeBrowser -->
      </class> <!-- com.saucedemo.testscripts.FrthScenarioTest -->
      <class name="com.saucedemo.testscripts.FifthScenarioTest">
        <test-method is-config="true" signature="launchApp()[pri:0, instance:com.saucedemo.testscripts.FifthScenarioTest@74235045]" started-at="2023-04-18T23:05:36 EDT" name="launchApp" finished-at="2023-04-18T23:05:37 EDT" duration-ms="1356" status="PASS">
          <reporter-output>
          </reporter-output>
        </test-method> <!-- launchApp -->
        <test-method signature="expnsiveItem()[pri:0, instance:com.saucedemo.testscripts.FifthScenarioTest@74235045]" started-at="2023-04-18T23:05:37 EDT" name="expnsiveItem" finished-at="2023-04-18T23:05:38 EDT" duration-ms="1147" status="PASS">
          <reporter-output>
          </reporter-output>
        </test-method> <!-- expnsiveItem -->
        <test-method is-config="true" signature="closeBrowser()[pri:0, instance:com.saucedemo.testscripts.FifthScenarioTest@74235045]" started-at="2023-04-18T23:05:38 EDT" name="closeBrowser" finished-at="2023-04-18T23:05:39 EDT" duration-ms="170" status="PASS">
          <reporter-output>
          </reporter-output>
        </test-method> <!-- closeBrowser -->
      </class> <!-- com.saucedemo.testscripts.FifthScenarioTest -->
    </test> <!-- Default test -->
  </suite> <!-- Default suite -->
</testng-results>
