<?xml version="1.0" encoding="UTF-8"?>
<!-- Generated by org.testng.reporters.JUnitXMLReporter -->
<testsuite ignored="0" hostname="Tahera_Atbin" failures="0" tests="5" name="Test" time="10.761" errors="0" timestamp="2023-04-17T10:48:34 EDT">
  <testcase classname="com.saucedemo.testscripts.FirstScenarioTest" name="buyTwoProdcts" time="0.817"/>
  <testcase classname="com.saucedemo.testscripts.SecondScenarioTest" name="verifyErrMsg" time="0.209"/>
  <testcase classname="com.saucedemo.testscripts.ThirdScenarioTest" name="lastNameErrMsg" time="0.59"/>
  <testcase classname="com.saucedemo.testscripts.FrthScenarioTest" name="thankYouMsg" time="0.702"/>
  <testcase classname="com.saucedemo.testscripts.FifthScenarioTest" name="expnsiveItem" time="0.919"/>
</testsuite> <!-- Test -->
